Assembler report for DDS_RIKEN
Thu Jul 21 21:39:42 2016
Quartus Prime Version 15.1.0 Build 185 10/21/2015 SJ Lite Edition


---------------------
; Table of Contents ;
---------------------
  1. Legal Notice
  2. Assembler Summary
  3. Assembler Settings
  4. Assembler Encrypted IP Cores Summary
  5. Assembler Generated Files
  6. Assembler Device Options: C:/Users/Katori lab/DDS/Pulser/VHDL_files/DDS_FPGA_2016_05_24/output_files/DDS_RIKEN.sof
  7. Assembler Device Options: C:/Users/Katori lab/DDS/Pulser/VHDL_files/DDS_FPGA_2016_05_24/output_files/DDS_RIKEN.pof
  8. Assembler Device Options: C:/Users/Katori lab/DDS/Pulser/VHDL_files/DDS_FPGA_2016_05_24/output_files/DDS_RIKEN.rbf
  9. Assembler Messages



----------------
; Legal Notice ;
----------------
Copyright (C) 1991-2015 Altera Corporation. All rights reserved.
Your use of Altera Corporation's design tools, logic functions 
and other software and tools, and its AMPP partner logic 
functions, and any output files from any of the foregoing 
(including device programming or simulation files), and any 
associated documentation or information are expressly subject 
to the terms and conditions of the Altera Program License 
Subscription Agreement, the Altera Quartus Prime License Agreement,
the Altera MegaCore Function License Agreement, or other 
applicable license agreement, including, without limitation, 
that your use is for the sole purpose of programming logic 
devices manufactured by Altera and sold by Altera or its 
authorized distributors.  Please refer to the applicable 
agreement for further details.



+---------------------------------------------------------------+
; Assembler Summary                                             ;
+-----------------------+---------------------------------------+
; Assembler Status      ; Successful - Thu Jul 21 21:39:42 2016 ;
; Revision Name         ; DDS_RIKEN                             ;
; Top-level Entity Name ; DDS_RIKEN                             ;
; Family                ; Cyclone IV E                          ;
; Device                ; EP4CE22F17C8                          ;
+-----------------------+---------------------------------------+


+----------------------------------+
; Assembler Settings               ;
+--------+---------+---------------+
; Option ; Setting ; Default Value ;
+--------+---------+---------------+


+------------------------------------------------+
; Assembler Encrypted IP Cores Summary           ;
+--------+------------------------+--------------+
; Vendor ; IP Core Name           ; License Type ;
+--------+------------------------+--------------+
; Altera ; Signal Tap (6AF7 BCE1) ; Licensed     ;
; Altera ; Signal Tap (6AF7 BCEC) ; Licensed     ;
+--------+------------------------+--------------+


+------------------------------------------------------------------------------------------+
; Assembler Generated Files                                                                ;
+------------------------------------------------------------------------------------------+
; File Name                                                                                ;
+------------------------------------------------------------------------------------------+
; C:/Users/Katori lab/DDS/Pulser/VHDL_files/DDS_FPGA_2016_05_24/output_files/DDS_RIKEN.sof ;
; C:/Users/Katori lab/DDS/Pulser/VHDL_files/DDS_FPGA_2016_05_24/output_files/DDS_RIKEN.pof ;
; C:/Users/Katori lab/DDS/Pulser/VHDL_files/DDS_FPGA_2016_05_24/output_files/DDS_RIKEN.rbf ;
+------------------------------------------------------------------------------------------+


+--------------------------------------------------------------------------------------------------------------------+
; Assembler Device Options: C:/Users/Katori lab/DDS/Pulser/VHDL_files/DDS_FPGA_2016_05_24/output_files/DDS_RIKEN.sof ;
+----------------+---------------------------------------------------------------------------------------------------+
; Option         ; Setting                                                                                           ;
+----------------+---------------------------------------------------------------------------------------------------+
; Device         ; EP4CE22F17C8                                                                                      ;
; JTAG usercode  ; 0x00339029                                                                                        ;
; Checksum       ; 0x00339029                                                                                        ;
+----------------+---------------------------------------------------------------------------------------------------+


+--------------------------------------------------------------------------------------------------------------------+
; Assembler Device Options: C:/Users/Katori lab/DDS/Pulser/VHDL_files/DDS_FPGA_2016_05_24/output_files/DDS_RIKEN.pof ;
+--------------------+-----------------------------------------------------------------------------------------------+
; Option             ; Setting                                                                                       ;
+--------------------+-----------------------------------------------------------------------------------------------+
; Device             ; EPCS16                                                                                        ;
; JTAG usercode      ; 0x00000000                                                                                    ;
; Checksum           ; 0x1CBF51E9                                                                                    ;
; Compression Ratio  ; 3                                                                                             ;
+--------------------+-----------------------------------------------------------------------------------------------+


+--------------------------------------------------------------------------------------------------------------------+
; Assembler Device Options: C:/Users/Katori lab/DDS/Pulser/VHDL_files/DDS_FPGA_2016_05_24/output_files/DDS_RIKEN.rbf ;
+---------------------+----------------------------------------------------------------------------------------------+
; Option              ; Setting                                                                                      ;
+---------------------+----------------------------------------------------------------------------------------------+
; Raw Binary File     ;                                                                                              ;
;  Compression Ratio  ; 3                                                                                            ;
+---------------------+----------------------------------------------------------------------------------------------+


+--------------------+
; Assembler Messages ;
+--------------------+
Info: *******************************************************************
Info: Running Quartus Prime Assembler
    Info: Version 15.1.0 Build 185 10/21/2015 SJ Lite Edition
    Info: Processing started: Thu Jul 21 21:39:39 2016
Info: Command: quartus_asm --read_settings_files=off --write_settings_files=off DDS_RIKEN -c DDS_RIKEN
Info (115031): Writing out detailed assembly data for power analysis
Info (115030): Assembler is generating device programming files
Info: Quartus Prime Assembler was successful. 0 errors, 0 warnings
    Info: Peak virtual memory: 755 megabytes
    Info: Processing ended: Thu Jul 21 21:39:42 2016
    Info: Elapsed time: 00:00:03
    Info: Total CPU time (on all processors): 00:00:03


