Running: C:\Xilinx\14.7\ISE_DS\ISE\bin\nt64\unwrapped\fuse.exe -intstyle ise -incremental -lib secureip -o C:/Users/katori/Desktop/pulse_sequencer/VHDL_files/Pulser_w_2016_06_10/photon/photon_isim_beh.exe -prj C:/Users/katori/Desktop/pulse_sequencer/VHDL_files/Pulser_w_2016_06_10/photon/photon_beh.prj work.photon 
ISim P.20131013 (signature 0x7708f090)
Number of CPUs detected in this system: 8
Turning on mult-threading, number of parallel sub-compilation jobs: 16 
Determining compilation order of HDL files
Parsing VHDL file "C:/Users/katori/Desktop/pulse_sequencer/VHDL_files/Pulser_w_2016_06_10/photon/ipcore_dir/usb_dds_fifo.vhd" into library work
Parsing VHDL file "C:/Users/katori/Desktop/pulse_sequencer/VHDL_files/Pulser_w_2016_06_10/photon/readout_count_fifo.vhd" into library work
Parsing VHDL file "C:/Users/katori/Desktop/pulse_sequencer/VHDL_files/Pulser_w_2016_06_10/photon/okLibrary.vhd" into library work
Parsing VHDL file "C:/Users/katori/Desktop/pulse_sequencer/VHDL_files/Pulser_w_2016_06_10/photon/normal_pmt_fifo.vhd" into library work
Parsing VHDL file "C:/Users/katori/Desktop/pulse_sequencer/VHDL_files/Pulser_w_2016_06_10/photon/ipcore_dir/pulse_fifo.vhd" into library work
Parsing VHDL file "C:/Users/katori/Desktop/pulse_sequencer/VHDL_files/Pulser_w_2016_06_10/photon/ipcore_dir/pulser_ram.vhd" into library work
Parsing VHDL file "C:/Users/katori/Desktop/pulse_sequencer/VHDL_files/Pulser_w_2016_06_10/photon/fifo_photon.vhd" into library work
Parsing VHDL file "C:/Users/katori/Desktop/pulse_sequencer/VHDL_files/Pulser_w_2016_06_10/photon/dds_fifo.vhd" into library work
Parsing VHDL file "C:/Users/katori/Desktop/pulse_sequencer/VHDL_files/Pulser_w_2016_06_10/photon/clk_pll_100_in_200_out.vhd" into library work
Parsing VHDL file "C:/Users/katori/Desktop/pulse_sequencer/VHDL_files/Pulser_w_2016_06_10/photon/photon.vhd" into library work
Starting static elaboration
WARNING:HDLCompiler:89 - "C:/Users/katori/Desktop/pulse_sequencer/VHDL_files/Pulser_w_2016_06_10/photon/okLibrary.vhd" Line 109: <okcoreharness> remains a black-box since it has no binding entity.
WARNING:HDLCompiler:89 - "C:/Users/katori/Desktop/pulse_sequencer/VHDL_files/Pulser_w_2016_06_10/photon/photon.vhd" Line 1190: <okwirein> remains a black-box since it has no binding entity.
WARNING:HDLCompiler:89 - "C:/Users/katori/Desktop/pulse_sequencer/VHDL_files/Pulser_w_2016_06_10/photon/photon.vhd" Line 1191: <okwirein> remains a black-box since it has no binding entity.
WARNING:HDLCompiler:89 - "C:/Users/katori/Desktop/pulse_sequencer/VHDL_files/Pulser_w_2016_06_10/photon/photon.vhd" Line 1192: <okwirein> remains a black-box since it has no binding entity.
WARNING:HDLCompiler:89 - "C:/Users/katori/Desktop/pulse_sequencer/VHDL_files/Pulser_w_2016_06_10/photon/photon.vhd" Line 1193: <okwirein> remains a black-box since it has no binding entity.
WARNING:HDLCompiler:89 - "C:/Users/katori/Desktop/pulse_sequencer/VHDL_files/Pulser_w_2016_06_10/photon/photon.vhd" Line 1194: <okwirein> remains a black-box since it has no binding entity.
WARNING:HDLCompiler:89 - "C:/Users/katori/Desktop/pulse_sequencer/VHDL_files/Pulser_w_2016_06_10/photon/photon.vhd" Line 1195: <okwirein> remains a black-box since it has no binding entity.
WARNING:HDLCompiler:89 - "C:/Users/katori/Desktop/pulse_sequencer/VHDL_files/Pulser_w_2016_06_10/photon/photon.vhd" Line 1196: <okwirein> remains a black-box since it has no binding entity.
WARNING:HDLCompiler:89 - "C:/Users/katori/Desktop/pulse_sequencer/VHDL_files/Pulser_w_2016_06_10/photon/photon.vhd" Line 1197: <oktriggerin> remains a black-box since it has no binding entity.
WARNING:HDLCompiler:89 - "C:/Users/katori/Desktop/pulse_sequencer/VHDL_files/Pulser_w_2016_06_10/photon/photon.vhd" Line 1198: <okwireout> remains a black-box since it has no binding entity.
WARNING:HDLCompiler:89 - "C:/Users/katori/Desktop/pulse_sequencer/VHDL_files/Pulser_w_2016_06_10/photon/photon.vhd" Line 1199: <okwireout> remains a black-box since it has no binding entity.
WARNING:HDLCompiler:89 - "C:/Users/katori/Desktop/pulse_sequencer/VHDL_files/Pulser_w_2016_06_10/photon/photon.vhd" Line 1200: <okbtpipein> remains a black-box since it has no binding entity.
WARNING:HDLCompiler:89 - "C:/Users/katori/Desktop/pulse_sequencer/VHDL_files/Pulser_w_2016_06_10/photon/photon.vhd" Line 1202: <okbtpipein> remains a black-box since it has no binding entity.
WARNING:HDLCompiler:89 - "C:/Users/katori/Desktop/pulse_sequencer/VHDL_files/Pulser_w_2016_06_10/photon/photon.vhd" Line 1205: <okbtpipeout> remains a black-box since it has no binding entity.
WARNING:HDLCompiler:89 - "C:/Users/katori/Desktop/pulse_sequencer/VHDL_files/Pulser_w_2016_06_10/photon/photon.vhd" Line 1208: <okbtpipeout> remains a black-box since it has no binding entity.
WARNING:HDLCompiler:89 - "C:/Users/katori/Desktop/pulse_sequencer/VHDL_files/Pulser_w_2016_06_10/photon/photon.vhd" Line 1211: <okbtpipeout> remains a black-box since it has no binding entity.
Completed static elaboration
WARNING:Simulator:648 - "C:/Users/katori/Desktop/pulse_sequencer/VHDL_files/Pulser_w_2016_06_10/photon/okLibrary.vhd" Line 109. Instance okcoreharness is unbound
WARNING:Simulator:648 - "C:/Users/katori/Desktop/pulse_sequencer/VHDL_files/Pulser_w_2016_06_10/photon/photon.vhd" Line 1190. Instance okwirein is unbound
WARNING:Simulator:648 - "C:/Users/katori/Desktop/pulse_sequencer/VHDL_files/Pulser_w_2016_06_10/photon/photon.vhd" Line 1191. Instance okwirein is unbound
WARNING:Simulator:648 - "C:/Users/katori/Desktop/pulse_sequencer/VHDL_files/Pulser_w_2016_06_10/photon/photon.vhd" Line 1192. Instance okwirein is unbound
WARNING:Simulator:648 - "C:/Users/katori/Desktop/pulse_sequencer/VHDL_files/Pulser_w_2016_06_10/photon/photon.vhd" Line 1193. Instance okwirein is unbound
WARNING:Simulator:648 - "C:/Users/katori/Desktop/pulse_sequencer/VHDL_files/Pulser_w_2016_06_10/photon/photon.vhd" Line 1194. Instance okwirein is unbound
WARNING:Simulator:648 - "C:/Users/katori/Desktop/pulse_sequencer/VHDL_files/Pulser_w_2016_06_10/photon/photon.vhd" Line 1195. Instance okwirein is unbound
WARNING:Simulator:648 - "C:/Users/katori/Desktop/pulse_sequencer/VHDL_files/Pulser_w_2016_06_10/photon/photon.vhd" Line 1196. Instance okwirein is unbound
WARNING:Simulator:648 - "C:/Users/katori/Desktop/pulse_sequencer/VHDL_files/Pulser_w_2016_06_10/photon/photon.vhd" Line 1197. Instance oktriggerin is unbound
WARNING:Simulator:648 - "C:/Users/katori/Desktop/pulse_sequencer/VHDL_files/Pulser_w_2016_06_10/photon/photon.vhd" Line 1198. Instance okwireout is unbound
WARNING:Simulator:648 - "C:/Users/katori/Desktop/pulse_sequencer/VHDL_files/Pulser_w_2016_06_10/photon/photon.vhd" Line 1199. Instance okwireout is unbound
WARNING:Simulator:648 - "C:/Users/katori/Desktop/pulse_sequencer/VHDL_files/Pulser_w_2016_06_10/photon/photon.vhd" Line 1200. Instance okbtpipein is unbound
WARNING:Simulator:648 - "C:/Users/katori/Desktop/pulse_sequencer/VHDL_files/Pulser_w_2016_06_10/photon/photon.vhd" Line 1202. Instance okbtpipein is unbound
WARNING:Simulator:648 - "C:/Users/katori/Desktop/pulse_sequencer/VHDL_files/Pulser_w_2016_06_10/photon/photon.vhd" Line 1205. Instance okbtpipeout is unbound
WARNING:Simulator:648 - "C:/Users/katori/Desktop/pulse_sequencer/VHDL_files/Pulser_w_2016_06_10/photon/photon.vhd" Line 1208. Instance okbtpipeout is unbound
WARNING:Simulator:648 - "C:/Users/katori/Desktop/pulse_sequencer/VHDL_files/Pulser_w_2016_06_10/photon/photon.vhd" Line 1211. Instance okbtpipeout is unbound
Compiling package standard
Compiling package std_logic_1164
Compiling package std_logic_arith
Compiling package attributes
Compiling package std_logic_misc
Compiling package std_logic_unsigned
Compiling package frontpanel
Compiling package vcomponents
Compiling package numeric_std
Compiling architecture behavioral of entity fifo_generator_v9_3_bhv_as [\fifo_generator_v9_3_bhv_as(16,"...]
Compiling architecture behavioral of entity fifo_generator_v9_3_bhv_preload0 [\fifo_generator_v9_3_bhv_preload...]
Compiling architecture behavioral of entity fifo_generator_v9_3_conv [\fifo_generator_v9_3_conv(0,0,15...]
Compiling architecture behavioral of entity fifo_generator_v9_3 [\fifo_generator_v9_3(0,0,15,"Bla...]
Compiling architecture usb_dds_fifo_a of entity usb_dds_fifo [usb_dds_fifo_default]
Compiling architecture behavioral of entity fifo_generator_v9_1_bhv_as [\fifo_generator_v9_1_bhv_as(16,"...]
Compiling architecture behavioral of entity fifo_generator_v9_1_bhv_preload0 [\fifo_generator_v9_1_bhv_preload...]
Compiling architecture behavioral of entity fifo_generator_v9_1_conv [\fifo_generator_v9_1_conv(0,0,11...]
Compiling architecture behavioral of entity fifo_generator_v9_1 [\fifo_generator_v9_1(0,0,11,"Bla...]
Compiling architecture dds_fifo_a of entity dds_fifo [dds_fifo_default]
Compiling package textio
Compiling package vital_timing
Compiling package vital_primitives
Compiling package vpkg
Compiling architecture ibufg_v of entity IBUFG [\IBUFG("DONT_CARE","0",true,"DEF...]
Compiling architecture dcm_sp_clock_divide_by_2_v of entity dcm_sp_clock_divide_by_2 [dcm_sp_clock_divide_by_2_default]
Compiling architecture dcm_sp_maximum_period_check_v of entity dcm_sp_maximum_period_check [\dcm_sp_maximum_period_check("*"...]
Compiling architecture dcm_sp_maximum_period_check_v of entity dcm_sp_maximum_period_check [\dcm_sp_maximum_period_check("*"...]
Compiling architecture dcm_sp_clock_lost_v of entity dcm_sp_clock_lost [dcm_sp_clock_lost_default]
Compiling architecture dcm_sp_v of entity DCM_SP [\DCM_SP(true,"*",true,false,5.0,...]
Compiling architecture bufg_v of entity BUFG [bufg_default]
Compiling architecture xilinx of entity clk_pll_100_in_200_out [clk_pll_100_in_200_out_default]
Compiling architecture behavioral of entity fifo_generator_v9_1_bhv_as [\fifo_generator_v9_1_bhv_as(16,"...]
Compiling architecture behavioral of entity fifo_generator_v9_1_bhv_preload0 [\fifo_generator_v9_1_bhv_preload...]
Compiling architecture behavioral of entity fifo_generator_v9_1_conv [\fifo_generator_v9_1_conv(0,0,10...]
Compiling architecture behavioral of entity fifo_generator_v9_1 [\fifo_generator_v9_1(0,0,10,"Bla...]
Compiling architecture pulse_fifo_a of entity pulse_fifo [pulse_fifo_default]
Compiling package std_logic_textio
Compiling architecture output_stage_behavioral of entity BLK_MEM_GEN_V7_1_output_stage [\BLK_MEM_GEN_V7_1_output_stage("...]
Compiling architecture softecc_output_reg_stage_behavioral of entity BLK_MEM_GEN_V7_1_softecc_output_reg_stage [\BLK_MEM_GEN_V7_1_softecc_output...]
Compiling architecture mem_module_behavioral of entity BLK_MEM_GEN_V7_1_mem_module [\BLK_MEM_GEN_V7_1_mem_module("bl...]
Compiling architecture behavioral of entity BLK_MEM_GEN_V7_1 [\BLK_MEM_GEN_V7_1("blk_mem_gen_v...]
Compiling architecture pulser_ram_a of entity pulser_ram [pulser_ram_default]
Compiling architecture behavioral of entity fifo_generator_v9_1_bhv_as [\fifo_generator_v9_1_bhv_as(32,"...]
Compiling architecture behavioral of entity fifo_generator_v9_1_conv [\fifo_generator_v9_1_conv(0,0,15...]
Compiling architecture behavioral of entity fifo_generator_v9_1 [\fifo_generator_v9_1(0,0,15,"Bla...]
Compiling architecture fifo_photon_a of entity fifo_photon [fifo_photon_default]
Compiling architecture behavioral of entity fifo_generator_v9_1_bhv_as [\fifo_generator_v9_1_bhv_as(32,"...]
Compiling architecture behavioral of entity fifo_generator_v9_1_conv [\fifo_generator_v9_1_conv(0,0,10...]
Compiling architecture behavioral of entity fifo_generator_v9_1 [\fifo_generator_v9_1(0,0,10,"Bla...]
Compiling architecture normal_pmt_fifo_a of entity normal_pmt_fifo [normal_pmt_fifo_default]
Compiling architecture behavioral of entity fifo_generator_v9_1 [\fifo_generator_v9_1(0,0,10,"Bla...]
Compiling architecture readout_count_fifo_a of entity readout_count_fifo [readout_count_fifo_default]
Compiling architecture dcm_sp_v of entity DCM_SP [\DCM_SP(true,"*",true,false,2.0,...]
Compiling architecture fds_v of entity FDS [\FDS('1')\]
Compiling architecture fd_v of entity FD [\FD('0')\]
Compiling architecture iodelay2_v of entity IODELAY2 [\IODELAY2("WRAPAROUND","SDR","ID...]
Compiling architecture obuf_v of entity OBUF [\OBUF("DONT_CARE",12,"DEFAULT","...]
Compiling architecture iobuf_v of entity IOBUF [\IOBUF("DONT_CARE",12,"0",true,"...]
Compiling architecture archhost of entity okHost [okhost_default]
Compiling architecture archwireor of entity okWireOR [\okWireOR(7)\]
Compiling architecture arch of entity photon
FATAL_ERROR:Simulator:CompilerAssert.h:40:1.20 - Internal Compiler Error in file ../src/VhdlTreeTransform.cpp at line 296   For technical support on this issue, please visit http://www.xilinx.com/support.
