Assembler report for DDS_RIKEN
Mon Feb 08 21:21:39 2016
Quartus II 64-Bit Version 15.0.0 Build 145 04/22/2015 SJ Web Edition


---------------------
; Table of Contents ;
---------------------
  1. Legal Notice
  2. Assembler Summary
  3. Assembler Settings
  4. Assembler Generated Files
  5. Assembler Device Options: C:/Users/katori/Desktop/Hardware/riken_hardware/DDSmovinglattice_2016_02_05/output_files/DDS_RIKEN.sof
  6. Assembler Device Options: C:/Users/katori/Desktop/Hardware/riken_hardware/DDSmovinglattice_2016_02_05/output_files/DDS_RIKEN.pof
  7. Assembler Device Options: C:/Users/katori/Desktop/Hardware/riken_hardware/DDSmovinglattice_2016_02_05/output_files/DDS_RIKEN.rbf
  8. Assembler Messages



----------------
; Legal Notice ;
----------------
Copyright (C) 1991-2015 Altera Corporation. All rights reserved.
Your use of Altera Corporation's design tools, logic functions 
and other software and tools, and its AMPP partner logic 
functions, and any output files from any of the foregoing 
(including device programming or simulation files), and any 
associated documentation or information are expressly subject 
to the terms and conditions of the Altera Program License 
Subscription Agreement, the Altera Quartus II License Agreement,
the Altera MegaCore Function License Agreement, or other 
applicable license agreement, including, without limitation, 
that your use is for the sole purpose of programming logic 
devices manufactured by Altera and sold by Altera or its 
authorized distributors.  Please refer to the applicable 
agreement for further details.



+---------------------------------------------------------------+
; Assembler Summary                                             ;
+-----------------------+---------------------------------------+
; Assembler Status      ; Successful - Mon Feb 08 21:21:39 2016 ;
; Revision Name         ; DDS_RIKEN                             ;
; Top-level Entity Name ; DDS_RIKEN                             ;
; Family                ; Cyclone IV E                          ;
; Device                ; EP4CE22F17C8                          ;
+-----------------------+---------------------------------------+


+----------------------------------+
; Assembler Settings               ;
+--------+---------+---------------+
; Option ; Setting ; Default Value ;
+--------+---------+---------------+


+--------------------------------------------------------------------------------------------------------+
; Assembler Generated Files                                                                              ;
+--------------------------------------------------------------------------------------------------------+
; File Name                                                                                              ;
+--------------------------------------------------------------------------------------------------------+
; C:/Users/katori/Desktop/Hardware/riken_hardware/DDSmovinglattice_2016_02_05/output_files/DDS_RIKEN.sof ;
; C:/Users/katori/Desktop/Hardware/riken_hardware/DDSmovinglattice_2016_02_05/output_files/DDS_RIKEN.pof ;
; C:/Users/katori/Desktop/Hardware/riken_hardware/DDSmovinglattice_2016_02_05/output_files/DDS_RIKEN.rbf ;
+--------------------------------------------------------------------------------------------------------+


+----------------------------------------------------------------------------------------------------------------------------------+
; Assembler Device Options: C:/Users/katori/Desktop/Hardware/riken_hardware/DDSmovinglattice_2016_02_05/output_files/DDS_RIKEN.sof ;
+----------------+-----------------------------------------------------------------------------------------------------------------+
; Option         ; Setting                                                                                                         ;
+----------------+-----------------------------------------------------------------------------------------------------------------+
; Device         ; EP4CE22F17C8                                                                                                    ;
; JTAG usercode  ; 0x003B2BD1                                                                                                      ;
; Checksum       ; 0x003B2BD1                                                                                                      ;
+----------------+-----------------------------------------------------------------------------------------------------------------+


+----------------------------------------------------------------------------------------------------------------------------------+
; Assembler Device Options: C:/Users/katori/Desktop/Hardware/riken_hardware/DDSmovinglattice_2016_02_05/output_files/DDS_RIKEN.pof ;
+--------------------+-------------------------------------------------------------------------------------------------------------+
; Option             ; Setting                                                                                                     ;
+--------------------+-------------------------------------------------------------------------------------------------------------+
; Device             ; EPCS16                                                                                                      ;
; JTAG usercode      ; 0x00000000                                                                                                  ;
; Checksum           ; 0x1CB02BC0                                                                                                  ;
; Compression Ratio  ; 2                                                                                                           ;
+--------------------+-------------------------------------------------------------------------------------------------------------+


+----------------------------------------------------------------------------------------------------------------------------------+
; Assembler Device Options: C:/Users/katori/Desktop/Hardware/riken_hardware/DDSmovinglattice_2016_02_05/output_files/DDS_RIKEN.rbf ;
+---------------------+------------------------------------------------------------------------------------------------------------+
; Option              ; Setting                                                                                                    ;
+---------------------+------------------------------------------------------------------------------------------------------------+
; Raw Binary File     ;                                                                                                            ;
;  Compression Ratio  ; 2                                                                                                          ;
+---------------------+------------------------------------------------------------------------------------------------------------+


+--------------------+
; Assembler Messages ;
+--------------------+
Info: *******************************************************************
Info: Running Quartus II 64-Bit Assembler
    Info: Version 15.0.0 Build 145 04/22/2015 SJ Web Edition
    Info: Processing started: Mon Feb 08 21:21:38 2016
Info: Command: quartus_asm --read_settings_files=off --write_settings_files=off DDS_RIKEN -c DDS_RIKEN
Info (115031): Writing out detailed assembly data for power analysis
Info (115030): Assembler is generating device programming files
Info: Quartus II 64-Bit Assembler was successful. 0 errors, 0 warnings
    Info: Peak virtual memory: 623 megabytes
    Info: Processing ended: Mon Feb 08 21:21:39 2016
    Info: Elapsed time: 00:00:01
    Info: Total CPU time (on all processors): 00:00:01


