Flow report for DDS_RIKEN
Mon Feb 08 21:21:46 2016
Quartus II 64-Bit Version 15.0.0 Build 145 04/22/2015 SJ Web Edition


---------------------
; Table of Contents ;
---------------------
  1. Legal Notice
  2. Flow Summary
  3. Flow Settings
  4. Flow Non-Default Global Settings
  5. Flow Elapsed Time
  6. Flow OS Summary
  7. Flow Log
  8. Flow Messages
  9. Flow Suppressed Messages



----------------
; Legal Notice ;
----------------
Copyright (C) 1991-2015 Altera Corporation. All rights reserved.
Your use of Altera Corporation's design tools, logic functions 
and other software and tools, and its AMPP partner logic 
functions, and any output files from any of the foregoing 
(including device programming or simulation files), and any 
associated documentation or information are expressly subject 
to the terms and conditions of the Altera Program License 
Subscription Agreement, the Altera Quartus II License Agreement,
the Altera MegaCore Function License Agreement, or other 
applicable license agreement, including, without limitation, 
that your use is for the sole purpose of programming logic 
devices manufactured by Altera and sold by Altera or its 
authorized distributors.  Please refer to the applicable 
agreement for further details.



+---------------------------------------------------------------------------------+
; Flow Summary                                                                    ;
+------------------------------------+--------------------------------------------+
; Flow Status                        ; Successful - Mon Feb 08 21:21:39 2016      ;
; Quartus II 64-Bit Version          ; 15.0.0 Build 145 04/22/2015 SJ Web Edition ;
; Revision Name                      ; DDS_RIKEN                                  ;
; Top-level Entity Name              ; DDS_RIKEN                                  ;
; Family                             ; Cyclone IV E                               ;
; Device                             ; EP4CE22F17C8                               ;
; Timing Models                      ; Final                                      ;
; Total logic elements               ; 946 / 22,320 ( 4 % )                       ;
;     Total combinational functions  ; 869 / 22,320 ( 4 % )                       ;
;     Dedicated logic registers      ; 347 / 22,320 ( 2 % )                       ;
; Total registers                    ; 347                                        ;
; Total pins                         ; 113 / 154 ( 73 % )                         ;
; Total virtual pins                 ; 0                                          ;
; Total memory bits                  ; 262,144 / 608,256 ( 43 % )                 ;
; Embedded Multiplier 9-bit elements ; 0 / 132 ( 0 % )                            ;
; Total PLLs                         ; 1 / 4 ( 25 % )                             ;
+------------------------------------+--------------------------------------------+


+-----------------------------------------+
; Flow Settings                           ;
+-------------------+---------------------+
; Option            ; Setting             ;
+-------------------+---------------------+
; Start date & time ; 02/08/2016 21:21:09 ;
; Main task         ; Compilation         ;
; Revision Name     ; DDS_RIKEN           ;
+-------------------+---------------------+


+--------------------------------------------------------------------------------------------------------------------------------------------+
; Flow Non-Default Global Settings                                                                                                           ;
+-------------------------------------+---------------------------------------+---------------+-------------+--------------------------------+
; Assignment Name                     ; Value                                 ; Default Value ; Entity Name ; Section Id                     ;
+-------------------------------------+---------------------------------------+---------------+-------------+--------------------------------+
; COMPILER_SIGNATURE_ID               ; 17629531801814.145493406904956        ; --            ; --          ; --                             ;
; EDA_OUTPUT_DATA_FORMAT              ; None                                  ; --            ; --          ; eda_board_design_boundary_scan ;
; MAX_CORE_JUNCTION_TEMP              ; 85                                    ; --            ; --          ; --                             ;
; MIN_CORE_JUNCTION_TEMP              ; 0                                     ; --            ; --          ; --                             ;
; MISC_FILE                           ; dds_ram.cmp                           ; --            ; --          ; --                             ;
; MISC_FILE                           ; dds_pll.cmp                           ; --            ; --          ; --                             ;
; MISC_FILE                           ; dds_pll.ppf                           ; --            ; --          ; --                             ;
; MISC_FILE                           ; dds_compare.cmp                       ; --            ; --          ; --                             ;
; MISC_FILE                           ; dds_add_subtract.cmp                  ; --            ; --          ; --                             ;
; MISC_FILE                           ; dds_14bit_compare.cmp                 ; --            ; --          ; --                             ;
; MISC_FILE                           ; dds_14bit_adder.cmp                   ; --            ; --          ; --                             ;
; MISC_FILE                           ; dds_rom.cmp                           ; --            ; --          ; --                             ;
; MISC_FILE                           ; adder_64_bit.cmp                      ; --            ; --          ; --                             ;
; OUTPUT_IO_TIMING_FAR_END_VMEAS      ; Half Signal Swing                     ; --            ; --          ; --                             ;
; OUTPUT_IO_TIMING_FAR_END_VMEAS      ; Half Signal Swing                     ; --            ; --          ; --                             ;
; OUTPUT_IO_TIMING_NEAR_END_VMEAS     ; Half Vccio                            ; --            ; --          ; --                             ;
; OUTPUT_IO_TIMING_NEAR_END_VMEAS     ; Half Vccio                            ; --            ; --          ; --                             ;
; PARTITION_COLOR                     ; 16764057                              ; --            ; --          ; Top                            ;
; PARTITION_FITTER_PRESERVATION_LEVEL ; PLACEMENT_AND_ROUTING                 ; --            ; --          ; Top                            ;
; PARTITION_NETLIST_TYPE              ; SOURCE                                ; --            ; --          ; Top                            ;
; POWER_BOARD_THERMAL_MODEL           ; None (CONSERVATIVE)                   ; --            ; --          ; --                             ;
; POWER_PRESET_COOLING_SOLUTION       ; 23 MM HEAT SINK WITH 200 LFPM AIRFLOW ; --            ; --          ; --                             ;
; PROJECT_OUTPUT_DIRECTORY            ; output_files                          ; --            ; --          ; --                             ;
+-------------------------------------+---------------------------------------+---------------+-------------+--------------------------------+


+-------------------------------------------------------------------------------------------------------------------------------+
; Flow Elapsed Time                                                                                                             ;
+---------------------------+--------------+-------------------------+---------------------+------------------------------------+
; Module Name               ; Elapsed Time ; Average Processors Used ; Peak Virtual Memory ; Total CPU Time (on all processors) ;
+---------------------------+--------------+-------------------------+---------------------+------------------------------------+
; Analysis & Synthesis      ; 00:00:12     ; 1.0                     ; 748 MB              ; 00:00:24                           ;
; Fitter                    ; 00:00:08     ; 1.0                     ; 1451 MB             ; 00:00:12                           ;
; Assembler                 ; 00:00:01     ; 1.0                     ; 623 MB              ; 00:00:01                           ;
; TimeQuest Timing Analyzer ; 00:00:05     ; 1.4                     ; 732 MB              ; 00:00:03                           ;
; Total                     ; 00:00:26     ; --                      ; --                  ; 00:00:40                           ;
+---------------------------+--------------+-------------------------+---------------------+------------------------------------+


+----------------------------------------------------------------------------------------+
; Flow OS Summary                                                                        ;
+---------------------------+------------------+-----------+------------+----------------+
; Module Name               ; Machine Hostname ; OS Name   ; OS Version ; Processor type ;
+---------------------------+------------------+-----------+------------+----------------+
; Analysis & Synthesis      ; Controller       ; Windows 7 ; 6.2        ; x86_64         ;
; Fitter                    ; Controller       ; Windows 7 ; 6.2        ; x86_64         ;
; Assembler                 ; Controller       ; Windows 7 ; 6.2        ; x86_64         ;
; TimeQuest Timing Analyzer ; Controller       ; Windows 7 ; 6.2        ; x86_64         ;
+---------------------------+------------------+-----------+------------+----------------+


------------
; Flow Log ;
------------
quartus_map --read_settings_files=on --write_settings_files=off DDS_RIKEN -c DDS_RIKEN
quartus_fit --read_settings_files=off --write_settings_files=off DDS_RIKEN -c DDS_RIKEN
quartus_asm --read_settings_files=off --write_settings_files=off DDS_RIKEN -c DDS_RIKEN
quartus_sta DDS_RIKEN -c DDS_RIKEN



